0 info it worked if it ends with ok
1 verbose cli [ 'node', '/usr/local/bin/npm', 'publish', './' ]
2 info using npm@1.4.28
3 info using node@v0.10.35
4 verbose publish [ './' ]
5 verbose cache add [ './', null ]
6 verbose cache add name=undefined spec="./" args=["./",null]
7 verbose parsed url { protocol: null,
7 verbose parsed url   slashes: null,
7 verbose parsed url   auth: null,
7 verbose parsed url   host: null,
7 verbose parsed url   port: null,
7 verbose parsed url   hostname: null,
7 verbose parsed url   hash: null,
7 verbose parsed url   search: null,
7 verbose parsed url   query: null,
7 verbose parsed url   pathname: './',
7 verbose parsed url   path: './',
7 verbose parsed url   href: './' }
8 silly lockFile 0ee6c175- ./
9 verbose lock ./ /Users/jaustin/.npm/0ee6c175-.lock
10 verbose tar pack [ '/Users/jaustin/.npm/BurntToast/0.1.0/package.tgz', './' ]
11 verbose tarball /Users/jaustin/.npm/BurntToast/0.1.0/package.tgz
12 verbose folder ./
13 info prepublish BurntToast@0.1.0
14 silly lockFile 04cb2bca-tar tar://./
15 verbose lock tar://./ /Users/jaustin/.npm/04cb2bca-tar.lock
16 silly lockFile 93c12a7e-npm-BurntToast-0-1-0-package-tgz tar:///Users/jaustin/.npm/BurntToast/0.1.0/package.tgz
17 verbose lock tar:///Users/jaustin/.npm/BurntToast/0.1.0/package.tgz /Users/jaustin/.npm/93c12a7e-npm-BurntToast-0-1-0-package-tgz.lock
18 silly lockFile 04cb2bca-tar tar://./
19 silly lockFile 04cb2bca-tar tar://./
20 silly lockFile 93c12a7e-npm-BurntToast-0-1-0-package-tgz tar:///Users/jaustin/.npm/BurntToast/0.1.0/package.tgz
21 silly lockFile 93c12a7e-npm-BurntToast-0-1-0-package-tgz tar:///Users/jaustin/.npm/BurntToast/0.1.0/package.tgz
22 silly lockFile 8edba23c-tin-npm-BurntToast-0-1-0-package /Users/jaustin/.npm/BurntToast/0.1.0/package
23 verbose lock /Users/jaustin/.npm/BurntToast/0.1.0/package /Users/jaustin/.npm/8edba23c-tin-npm-BurntToast-0-1-0-package.lock
24 silly lockFile 8edba23c-tin-npm-BurntToast-0-1-0-package /Users/jaustin/.npm/BurntToast/0.1.0/package
25 silly lockFile 8edba23c-tin-npm-BurntToast-0-1-0-package /Users/jaustin/.npm/BurntToast/0.1.0/package
26 silly lockFile 0ee6c175- ./
27 silly lockFile 0ee6c175- ./
28 silly publish { name: 'BurntToast',
28 silly publish   version: '0.1.0',
28 silly publish   description: 'An Android style toast',
28 silly publish   main: 'build/BurntToast.js',
28 silly publish   keywords: [ 'toast', 'snackbar' ],
28 silly publish   author: { name: 'Jordan Austin' },
28 silly publish   license: 'MIT',
28 silly publish   scripts: { test: 'echo "Error: no test specified" && exit 1' },
28 silly publish   repository:
28 silly publish    { type: 'git',
28 silly publish      url: 'https://github.com/jordanaustin/BurntToast.git' },
28 silly publish   bugs: { url: 'https://github.com/jordanaustin/BurntToast/issues' },
28 silly publish   homepage: 'https://github.com/jordanaustin/BurntToast',
28 silly publish   readme: '# BurntToast\nAndroid style toasts\n',
28 silly publish   readmeFilename: 'README.md',
28 silly publish   gitHead: '661c45d684830ccb20ac1b0d9dd6aab914b41b1a',
28 silly publish   _id: 'BurntToast@0.1.0',
28 silly publish   _shasum: '2b06de1477678dc2a8955715a109a99cc42d1737',
28 silly publish   _from: './' }
29 verbose request where is /BurntToast
30 verbose request registry https://registry.npmjs.org/
31 verbose request id b6f4eaf785bf5028
32 verbose url raw /BurntToast
33 verbose url resolving [ 'https://registry.npmjs.org/', './BurntToast' ]
34 verbose url resolved https://registry.npmjs.org/BurntToast
35 verbose request where is https://registry.npmjs.org/BurntToast
36 info trying registry request attempt 1 at 22:36:13
37 http PUT https://registry.npmjs.org/BurntToast
38 http 403 https://registry.npmjs.org/BurntToast
39 verbose headers { date: 'Sat, 17 Jan 2015 06:36:14 GMT',
39 verbose headers   server: 'CouchDB/1.5.0 (Erlang OTP/R16B03)',
39 verbose headers   'content-type': 'application/json',
39 verbose headers   'cache-control': 'max-age=60',
39 verbose headers   'content-length': '76',
39 verbose headers   'accept-ranges': 'bytes',
39 verbose headers   via: '1.1 varnish',
39 verbose headers   'x-served-by': 'cache-ord1721-ORD',
39 verbose headers   'x-cache': 'MISS',
39 verbose headers   'x-cache-hits': '0',
39 verbose headers   'x-timer': 'S1421476573.992289,VS0,VE243',
39 verbose headers   'keep-alive': 'timeout=10, max=50',
39 verbose headers   connection: 'Keep-Alive' }
40 error publish Failed PUT 403
41 error Error: forbidden New packages must have all-lowercase names: BurntToast
41 error     at RegClient.<anonymous> (/usr/local/lib/node_modules/npm/node_modules/npm-registry-client/lib/request.js:308:14)
41 error     at Request._callback (/usr/local/lib/node_modules/npm/node_modules/npm-registry-client/lib/request.js:246:65)
41 error     at Request.self.callback (/usr/local/lib/node_modules/npm/node_modules/request/request.js:236:22)
41 error     at Request.emit (events.js:98:17)
41 error     at Request.<anonymous> (/usr/local/lib/node_modules/npm/node_modules/request/request.js:1142:14)
41 error     at Request.emit (events.js:117:20)
41 error     at IncomingMessage.<anonymous> (/usr/local/lib/node_modules/npm/node_modules/request/request.js:1096:12)
41 error     at IncomingMessage.emit (events.js:117:20)
41 error     at _stream_readable.js:944:16
41 error     at process._tickCallback (node.js:442:13)
42 error If you need help, you may report this *entire* log,
42 error including the npm and node versions, at:
42 error     <http://github.com/npm/npm/issues>
43 error System Darwin 14.0.0
44 error command "node" "/usr/local/bin/npm" "publish" "./"
45 error cwd /Users/jaustin/Documents/Active/NON/BurntToast
46 error node -v v0.10.35
47 error npm -v 1.4.28
48 verbose exit [ 1, true ]
